[19Jun2025 00:00:04.021] [Server thread/INFO] [tombstone/]: The player samuel0806 has successfully been saved
[19Jun2025 00:00:04.488] [Server thread/WARN] [net.minecraft.server.network.ServerGamePacketListenerImpl/]: samuel0806 moved too quickly! -17.853065383513695,2.421600046157849,5.0479613219090425
[19Jun2025 00:00:06.510] [Server thread/WARN] [com.alaharranhonor.swem.forge.ModRef/]: Could not find entity with id: 28073 requested by samuel0806
[19Jun2025 00:00:06.511] [Server thread/WARN] [com.alaharranhonor.swem.forge.ModRef/]: Could not find entity with id: 28073 requested by samuel0806
[19Jun2025 00:00:08.835] [Server thread/INFO] [net.minecraft.server.MinecraftServer/]: samuel0806 was doomed to fall by  radioactive_owl  ❤182
[19Jun2025 00:00:08.851] [Server thread/INFO] [com.tiviacz.travelersbackpack.TravelersBackpack/]: Created new backpack backup file for samuel0806 with unique ID travelersbackpack.standard_19.06.2025-00.00.08.dat
[19Jun2025 00:00:08.856] [Server thread/INFO] [tombstone/]: The player samuel0806 has successfully been saved
[19Jun2025 00:00:23.964] [Server thread/INFO] [net.minecraft.server.MinecraftServer/]: [samuel0806: Set own game mode to Creative Mode]
[19Jun2025 00:02:06.791] [Server thread/INFO] [net.minecraft.server.MinecraftServer/]: [samuel0806: Set own game mode to Survival Mode]
[19Jun2025 00:06:24.260] [Server thread/WARN] [net.minecraft.server.network.ServerGamePacketListenerImpl/]: Lewis (vehicle of samuel0806) moved wrongly! 0.29948956791312753
[19Jun2025 00:06:24.344] [Server thread/WARN] [net.minecraft.server.network.ServerGamePacketListenerImpl/]: Lewis (vehicle of samuel0806) moved wrongly! 0.9652064453830747
[19Jun2025 00:06:24.390] [Server thread/WARN] [net.minecraft.server.network.ServerGamePacketListenerImpl/]: Lewis (vehicle of samuel0806) moved wrongly! 1.6932305345615362
[19Jun2025 00:07:31.472] [Worker-Main-1/ERROR] [net.minecraft.world.entity.decoration.HangingEntity/]: Hanging entity at invalid position: BlockPos{x=-22, y=-57, z=11}
[19Jun2025 00:13:23.240] [Server thread/INFO] [net.minecraft.server.MinecraftServer/]: samuel0806 was slain by Void Blossom
[19Jun2025 00:13:23.246] [Server thread/INFO] [com.tiviacz.travelersbackpack.TravelersBackpack/]: Created new backpack backup file for samuel0806 with unique ID travelersbackpack.standard_19.06.2025-00.13.23.dat
[19Jun2025 00:13:23.257] [Server thread/INFO] [tombstone/]: The player samuel0806 has successfully been saved
[19Jun2025 00:13:33.541] [Server thread/INFO] [net.minecraft.server.MinecraftServer/]: [samuel0806: Set own game mode to Spectator Mode]
[19Jun2025 00:15:05.464] [Server thread/WARN] [net.minecraft.world.level.chunk.LevelChunk/]: Tried to load a DUMMY block entity @ BlockPos{x=-2816, y=9, z=-942} but found not block entity block Block{minecraft:water}[level=0] at location
[19Jun2025 00:15:05.464] [Server thread/WARN] [net.minecraft.world.level.chunk.LevelChunk/]: Tried to load a block entity for block Block{minecraft:water}[level=0] but failed at location BlockPos{x=-2816, y=9, z=-942}
[19Jun2025 00:15:18.378] [Server thread/INFO] [net.minecraft.server.MinecraftServer/]: [samuel0806: Set own game mode to Creative Mode]
[19Jun2025 00:15:47.293] [Server thread/INFO] [net.minecraft.server.MinecraftServer/]: [samuel0806: Set own game mode to Spectator Mode]
[19Jun2025 00:16:20.752] [Server thread/INFO] [net.minecraft.server.MinecraftServer/]: [samuel0806: Set the time to 1000]
[19Jun2025 00:16:27.271] [Worker-Main-64/WARN] [com.cupboard.Cupboard/]: A mod is trying to add an entity from offthread, this should be avoided. Printing trace:
java.lang.Exception: null
	at net.minecraft.server.level.ServerLevel.handler$zjk000$OnaddEntity(ServerLevel.java:1655) ~[server-1.20.1-20230612.114412-srg.jar%23337!/:?]
	at net.minecraft.server.level.ServerLevel.m_8872_(ServerLevel.java) ~[server-1.20.1-20230612.114412-srg.jar%23337!/:?]
	at net.minecraft.server.level.ServerLevel.m_7967_(ServerLevel.java:814) ~[server-1.20.1-20230612.114412-srg.jar%23337!/:?]
	at com.peeko32213.unusualprehistory.common.world.feature.IceFossilFeature.addFossil(IceFossilFeature.java:201) ~[unusualprehistory-1.5.0.3.jar%23328!/:1.5.0.3]
	at com.peeko32213.unusualprehistory.common.world.feature.IceFossilFeature.m_142674_(IceFossilFeature.java:65) ~[unusualprehistory-1.5.0.3.jar%23328!/:1.5.0.3]
	at net.minecraft.world.level.levelgen.feature.Feature.m_225028_(Feature.java:155) ~[server-1.20.1-20230612.114412-srg.jar%23337!/:?]
	at net.minecraft.world.level.levelgen.feature.ConfiguredFeature.m_224953_(ConfiguredFeature.java:28) ~[server-1.20.1-20230612.114412-srg.jar%23337!/:?]
	at net.minecraft.world.level.levelgen.placement.PlacedFeature.m_226362_(PlacedFeature.java:54) ~[server-1.20.1-20230612.114412-srg.jar%23337!/:?]
	at java.util.stream.ForEachOps$ForEachOp$OfRef.accept(ForEachOps.java:183) ~[?:?]
	at java.util.stream.Streams$StreamBuilderImpl.forEachRemaining(Streams.java:411) ~[?:?]
	at java.util.stream.ReferencePipeline$Head.forEach(ReferencePipeline.java:762) ~[?:?]
	at java.util.stream.ReferencePipeline$7$1.accept(ReferencePipeline.java:276) ~[?:?]
	at java.util.stream.Streams$StreamBuilderImpl.forEachRemaining(Streams.java:411) ~[?:?]
	at java.util.stream.ReferencePipeline$Head.forEach(ReferencePipeline.java:762) ~[?:?]
	at java.util.stream.ReferencePipeline$7$1.accept(ReferencePipeline.java:276) ~[?:?]
	at java.util.stream.Streams$StreamBuilderImpl.forEachRemaining(Streams.java:411) ~[?:?]
	at java.util.stream.ReferencePipeline$Head.forEach(ReferencePipeline.java:762) ~[?:?]
	at java.util.stream.ReferencePipeline$7$1.accept(ReferencePipeline.java:276) ~[?:?]
	at java.util.stream.Streams$StreamBuilderImpl.forEachRemaining(Streams.java:411) ~[?:?]
	at java.util.stream.AbstractPipeline.copyInto(AbstractPipeline.java:509) ~[?:?]
	at java.util.stream.AbstractPipeline.wrapAndCopyInto(AbstractPipeline.java:499) ~[?:?]
	at java.util.stream.ForEachOps$ForEachOp.evaluateSequential(ForEachOps.java:150) ~[?:?]
	at java.util.stream.ForEachOps$ForEachOp$OfRef.evaluateSequential(ForEachOps.java:173) ~[?:?]
	at java.util.stream.AbstractPipeline.evaluate(AbstractPipeline.java:234) ~[?:?]
	at java.util.stream.ReferencePipeline.forEach(ReferencePipeline.java:596) ~[?:?]
	at net.minecraft.world.level.levelgen.placement.PlacedFeature.m_226368_(PlacedFeature.java:53) ~[server-1.20.1-20230612.114412-srg.jar%23337!/:?]
	at net.minecraft.world.level.levelgen.placement.PlacedFeature.m_226377_(PlacedFeature.java:42) ~[server-1.20.1-20230612.114412-srg.jar%23337!/:?]
	at net.minecraft.world.level.chunk.ChunkGenerator.m_213609_(ChunkGenerator.java:357) ~[server-1.20.1-20230612.114412-srg.jar%23337!/:?]
	at net.minecraft.world.level.chunk.ChunkStatus.m_279978_(ChunkStatus.java:108) ~[server-1.20.1-20230612.114412-srg.jar%23337!/:?]
	at net.minecraft.world.level.chunk.ChunkStatus$SimpleGenerationTask.m_214024_(ChunkStatus.java:309) ~[server-1.20.1-20230612.114412-srg.jar%23337!/:?]
	at net.minecraft.world.level.chunk.ChunkStatus.m_280308_(ChunkStatus.java:252) ~[server-1.20.1-20230612.114412-srg.jar%23337!/:?]
	at net.minecraft.server.level.ChunkMap.lambda$scheduleChunkGeneration$27(ChunkMap.java:643) ~[server-1.20.1-20230612.114412-srg.jar%23337!/:?]
	at com.mojang.datafixers.util.Either$Left.map(Either.java:38) ~[datafixerupper-6.0.8.jar%2377!/:?]
	at net.minecraft.server.level.ChunkMap.lambda$scheduleChunkGeneration$29(ChunkMap.java:634) ~[server-1.20.1-20230612.114412-srg.jar%23337!/:?]
	at java.util.concurrent.CompletableFuture$UniCompose.tryFire(CompletableFuture.java:1150) ~[?:?]
	at java.util.concurrent.CompletableFuture$Completion.run(CompletableFuture.java:482) ~[?:?]
	at net.minecraft.server.level.ChunkTaskPriorityQueueSorter.m_143188_(ChunkTaskPriorityQueueSorter.java:62) ~[server-1.20.1-20230612.114412-srg.jar%23337!/:?]
	at net.minecraft.util.thread.ProcessorMailbox.m_18759_(ProcessorMailbox.java:91) ~[server-1.20.1-20230612.114412-srg.jar%23337!/:?]
	at net.minecraft.util.thread.ProcessorMailbox.m_18747_(ProcessorMailbox.java:146) ~[server-1.20.1-20230612.114412-srg.jar%23337!/:?]
	at net.minecraft.util.thread.ProcessorMailbox.run(ProcessorMailbox.java:102) ~[server-1.20.1-20230612.114412-srg.jar%23337!/:?]
	at java.util.concurrent.ForkJoinTask$RunnableExecuteAction.exec(ForkJoinTask.java:1395) ~[?:?]
	at java.util.concurrent.ForkJoinTask.doExec(ForkJoinTask.java:373) ~[?:?]
	at java.util.concurrent.ForkJoinPool$WorkQueue.topLevelExec(ForkJoinPool.java:1182) ~[?:?]
	at java.util.concurrent.ForkJoinPool.scan(ForkJoinPool.java:1655) ~[?:?]
	at java.util.concurrent.ForkJoinPool.runWorker(ForkJoinPool.java:1622) ~[?:?]
	at java.util.concurrent.ForkJoinWorkerThread.run(ForkJoinWorkerThread.java:165) ~[?:?]
[19Jun2025 00:16:53.245] [Server thread/INFO] [net.minecraft.server.MinecraftServer/]: samuel0806 has reached the goal [The Cave That Time Forgot]
[19Jun2025 00:18:35.390] [Server thread/INFO] [net.minecraft.server.MinecraftServer/]: [samuel0806: Set own game mode to Creative Mode]
[19Jun2025 00:19:00.040] [Server thread/INFO] [net.minecraft.server.MinecraftServer/]: [samuel0806: Set own game mode to Survival Mode]
[19Jun2025 00:19:10.183] [Server thread/INFO] [net.minecraft.server.MinecraftServer/]: samuel0806 was slain by Void Blossom
[19Jun2025 00:19:10.202] [Server thread/INFO] [tombstone/]: The player samuel0806 has successfully been saved
[19Jun2025 00:19:23.252] [Server thread/INFO] [net.minecraft.server.MinecraftServer/]: [samuel0806: Set own game mode to Creative Mode]
[19Jun2025 00:20:42.467] [Server thread/INFO] [net.minecraft.server.MinecraftServer/]: [samuel0806: Set own game mode to Survival Mode]
[19Jun2025 00:22:22.957] [Server thread/INFO] [net.minecraft.server.MinecraftServer/]: [samuel0806: Set own game mode to Spectator Mode]
[19Jun2025 00:23:20.501] [Server thread/INFO] [net.minecraft.server.MinecraftServer/]: [samuel0806: Set own game mode to Survival Mode]
[19Jun2025 00:25:30.424] [Server thread/INFO] [net.minecraft.server.MinecraftServer/]: samuel0806 has made the advancement [We Need to Go Deeper]
[19Jun2025 00:25:31.793] [Server thread/WARN] [net.minecraft.server.MinecraftServer/]: Can't keep up! Is the server overloaded? Running 3070ms or 61 ticks behind
[19Jun2025 00:28:24.049] [Server thread/ERROR] [net.minecraft.world.level.chunk.storage.EntityStorage/]: An Entity type entity.goblintraders.vein_goblin_trader has thrown an exception trying to write state. It will not persist. Report this to the mod author
net.minecraft.ReportedException: Saving entity NBT
	at net.minecraft.world.entity.Entity.m_20240_(Entity.java:1683) ~[server-1.20.1-20230612.114412-srg.jar%23337!/:?]
	at net.minecraft.world.entity.Entity.m_20086_(Entity.java:1588) ~[server-1.20.1-20230612.114412-srg.jar%23337!/:?]
	at net.minecraft.world.entity.Entity.m_20223_(Entity.java:1595) ~[server-1.20.1-20230612.114412-srg.jar%23337!/:?]
	at net.minecraft.world.level.chunk.storage.EntityStorage.m_156565_(EntityStorage.java:93) ~[server-1.20.1-20230612.114412-srg.jar%23337!/:?]
	at java.util.ArrayList$ArrayListSpliterator.forEachRemaining(ArrayList.java:1625) ~[?:?]
	at java.util.stream.ReferencePipeline$Head.forEach(ReferencePipeline.java:762) ~[?:?]
	at net.minecraft.world.level.chunk.storage.EntityStorage.m_141971_(EntityStorage.java:90) ~[server-1.20.1-20230612.114412-srg.jar%23337!/:?]
	at net.minecraft.world.level.entity.PersistentEntitySectionManager.m_157512_(PersistentEntitySectionManager.java:217) ~[server-1.20.1-20230612.114412-srg.jar%23337!/:?]
	at net.minecraft.world.level.entity.PersistentEntitySectionManager.m_157578_(PersistentEntitySectionManager.java:291) ~[server-1.20.1-20230612.114412-srg.jar%23337!/:?]
	at it.unimi.dsi.fastutil.longs.LongOpenHashSet.forEach(LongOpenHashSet.java:756) ~[fastutil-8.5.9.jar%2390!/:?]
	at it.unimi.dsi.fastutil.longs.LongIterable.forEach(LongIterable.java:146) ~[fastutil-8.5.9.jar%2390!/:?]
	at it.unimi.dsi.fastutil.longs.AbstractLongCollection.forEach(AbstractLongCollection.java:149) ~[fastutil-8.5.9.jar%2390!/:?]
	at net.minecraft.world.level.entity.PersistentEntitySectionManager.m_157554_(PersistentEntitySectionManager.java:286) ~[server-1.20.1-20230612.114412-srg.jar%23337!/:?]
	at net.minecraft.server.level.ServerLevel.m_8643_(ServerLevel.java:746) ~[server-1.20.1-20230612.114412-srg.jar%23337!/:?]
	at net.minecraft.server.MinecraftServer.m_129885_(MinecraftServer.java:507) ~[server-1.20.1-20230612.114412-srg.jar%23337!/:?]
	at net.minecraft.server.MinecraftServer.m_195514_(MinecraftServer.java:532) ~[server-1.20.1-20230612.114412-srg.jar%23337!/:?]
	at net.minecraft.server.MinecraftServer.m_5705_(MinecraftServer.java:824) ~[server-1.20.1-20230612.114412-srg.jar%23337!/:?]
	at net.minecraft.server.MinecraftServer.m_130011_(MinecraftServer.java:661) ~[server-1.20.1-20230612.114412-srg.jar%23337!/:?]
	at net.minecraft.server.MinecraftServer.m_206580_(MinecraftServer.java:251) ~[server-1.20.1-20230612.114412-srg.jar%23337!/:?]
	at java.lang.Thread.run(Thread.java:840) ~[?:?]
Caused by: java.lang.IllegalArgumentException: Bound must be positive
	at net.minecraft.world.level.levelgen.BitRandomSource.m_188503_(BitRandomSource.java:22) ~[server-1.20.1-20230612.114412-srg.jar%23337!/:?]
	at com.mrcrayfish.goblintraders.entity.VeinGoblinTrader.populateTradeData(VeinGoblinTrader.java:55) ~[goblintraders-forge-1.20.1-1.9.3.jar%23264!/:1.20.1-1.9.3]
	at com.mrcrayfish.goblintraders.entity.AbstractGoblinEntity.m_6616_(AbstractGoblinEntity.java:207) ~[goblintraders-forge-1.20.1-1.9.3.jar%23264!/:1.20.1-1.9.3]
	at com.mrcrayfish.goblintraders.entity.AbstractGoblinEntity.m_7380_(AbstractGoblinEntity.java:417) ~[goblintraders-forge-1.20.1-1.9.3.jar%23264!/:1.20.1-1.9.3]
	at net.minecraft.world.entity.Entity.m_20240_(Entity.java:1662) ~[server-1.20.1-20230612.114412-srg.jar%23337!/:?]
	... 19 more
[19Jun2025 00:34:56.646] [Server thread/INFO] [net.minecraft.server.MinecraftServer/]: samuel0806 was blown up by Ghast
[19Jun2025 00:34:56.652] [Server thread/INFO] [com.tiviacz.travelersbackpack.TravelersBackpack/]: Created new backpack backup file for samuel0806 with unique ID travelersbackpack.standard_19.06.2025-00.34.56.dat
[19Jun2025 00:34:56.938] [Server thread/INFO] [tombstone/]: The player samuel0806 has successfully been saved
[19Jun2025 00:47:55.510] [Server thread/WARN] [net.minecraft.server.network.ServerGamePacketListenerImpl/]: Lewis (vehicle of samuel0806) moved wrongly! 0.25592990848730324
[19Jun2025 00:47:55.591] [Server thread/WARN] [net.minecraft.server.network.ServerGamePacketListenerImpl/]: Lewis (vehicle of samuel0806) moved wrongly! 0.6218350639907726
[19Jun2025 00:47:55.638] [Server thread/WARN] [net.minecraft.server.network.ServerGamePacketListenerImpl/]: Lewis (vehicle of samuel0806) moved wrongly! 1.054492259323716
[19Jun2025 00:48:29.639] [Server thread/INFO] [net.minecraft.server.MinecraftServer/]: samuel0806 burned to death
[19Jun2025 00:48:29.644] [Server thread/INFO] [com.tiviacz.travelersbackpack.TravelersBackpack/]: Created new backpack backup file for samuel0806 with unique ID travelersbackpack.standard_19.06.2025-00.48.29.dat
[19Jun2025 00:48:29.646] [Server thread/INFO] [tombstone/]: The player samuel0806 has successfully been saved
[19Jun2025 00:49:06.664] [Server thread/INFO] [net.minecraft.server.MinecraftServer/]: [samuel0806: Set own game mode to Creative Mode]
[19Jun2025 00:49:34.503] [Server thread/INFO] [net.minecraft.server.MinecraftServer/]: [samuel0806: Set own game mode to Survival Mode]
